{
  "RSpec": {
    "coverage": {
      "/home/dev/RubymineProjects/InstagramProject/spec/support/factory_bot.rb": {
        "lines": [
          null,
          null,
          1,
          null,
          1,
          1,
          null
        ]
      },
      "/home/dev/RubymineProjects/InstagramProject/spec/factories/comment_factory.rb": {
        "lines": [
          null,
          null,
          1,
          null,
          1,
          1,
          9,
          1,
          1,
          null,
          null
        ]
      },
      "/home/dev/RubymineProjects/InstagramProject/spec/factories/post_factory.rb": {
        "lines": [
          null,
          null,
          1,
          null,
          1,
          1,
          20,
          1,
          null,
          null
        ]
      },
      "/home/dev/RubymineProjects/InstagramProject/spec/factories/user_factory.rb": {
        "lines": [
          null,
          null,
          1,
          null,
          1,
          1,
          34,
          34,
          34,
          34,
          34,
          34,
          null,
          null
        ]
      },
      "/home/dev/RubymineProjects/InstagramProject/spec/support/controller_macros.rb": {
        "lines": [
          null,
          null,
          1,
          1,
          2,
          20,
          20,
          20,
          null,
          null,
          null
        ]
      },
      "/home/dev/RubymineProjects/InstagramProject/spec/controllers/posts_controller_spec.rb": {
        "lines": [
          null,
          null,
          1,
          null,
          1,
          1,
          null,
          6,
          6,
          4,
          4,
          null,
          1,
          1,
          1,
          2,
          null,
          null,
          1,
          1,
          null,
          null,
          null,
          1,
          1,
          1,
          1,
          null,
          null,
          1,
          1,
          1,
          null,
          null,
          1,
          1,
          1,
          null,
          null,
          null,
          1,
          1,
          1,
          1,
          null,
          null,
          1,
          1,
          1,
          null,
          null,
          null,
          1,
          1,
          1,
          1,
          null,
          null,
          null,
          1,
          1,
          1,
          1,
          null,
          null,
          1,
          1,
          1,
          null,
          null,
          null,
          null
        ]
      },
      "/home/dev/RubymineProjects/InstagramProject/spec/models/comment_spec.rb": {
        "lines": [
          null,
          null,
          1,
          null,
          1,
          1,
          2,
          2,
          2,
          2,
          2,
          null,
          null,
          1,
          2,
          2,
          null,
          null,
          1,
          2,
          2,
          2,
          2,
          2,
          null,
          null
        ]
      },
      "/home/dev/RubymineProjects/InstagramProject/spec/models/follow_spec.rb": {
        "lines": [
          null,
          null,
          1,
          null,
          1,
          1,
          2,
          2,
          null,
          null,
          1,
          2,
          2,
          null,
          null,
          1,
          2,
          2,
          null,
          null
        ]
      },
      "/home/dev/RubymineProjects/InstagramProject/spec/models/like_spec.rb": {
        "lines": [
          null,
          null,
          1,
          null,
          1,
          1,
          2,
          2,
          null,
          null,
          1,
          2,
          2,
          null,
          null,
          1,
          2,
          2,
          2,
          2,
          null,
          null
        ]
      },
      "/home/dev/RubymineProjects/InstagramProject/spec/models/photo_spec.rb": {
        "lines": [
          null,
          null,
          1,
          null,
          1,
          1,
          2,
          2,
          2,
          null,
          null
        ]
      },
      "/home/dev/RubymineProjects/InstagramProject/spec/models/post_spec.rb": {
        "lines": [
          null,
          null,
          1,
          null,
          1,
          1,
          2,
          2,
          null,
          null,
          1,
          2,
          2,
          2,
          2,
          null,
          null,
          1,
          2,
          2,
          2,
          null,
          null
        ]
      },
      "/home/dev/RubymineProjects/InstagramProject/spec/models/request_spec.rb": {
        "lines": [
          null,
          null,
          1,
          null,
          1,
          1,
          2,
          2,
          2,
          null,
          null,
          1,
          2,
          2,
          null,
          null,
          1,
          2,
          2,
          2,
          null,
          null
        ]
      },
      "/home/dev/RubymineProjects/InstagramProject/spec/models/story_spec.rb": {
        "lines": [
          null,
          null,
          1,
          null,
          1,
          1,
          2,
          null,
          null,
          1,
          2,
          2,
          null,
          null,
          1,
          2,
          2,
          null,
          null
        ]
      },
      "/home/dev/RubymineProjects/InstagramProject/spec/models/user_spec.rb": {
        "lines": [
          null,
          null,
          1,
          null,
          1,
          1,
          1,
          null,
          null,
          1,
          2,
          2,
          2,
          2,
          2,
          2,
          2,
          2,
          2,
          null,
          null,
          null,
          1,
          2,
          2,
          2,
          2,
          null,
          2,
          2,
          2,
          2,
          2,
          null,
          2,
          2,
          2,
          2,
          2,
          null,
          2,
          null,
          null,
          1,
          2,
          2,
          2,
          2,
          2,
          null,
          null,
          1,
          1,
          1,
          1,
          null,
          null,
          null,
          1,
          1,
          1,
          1,
          null,
          null,
          null
        ]
      }
    },
    "timestamp": 1661290886
  }
}
